<?xml version="1.0" encoding="UTF-8"?>
<coverage generated="1562419893667" clover="3.2.0">
  <project timestamp="1562419893667" name="All files">
    <metrics statements="15" coveredstatements="6" conditionals="2" coveredconditionals="0" methods="3" coveredmethods="1" elements="20" coveredelements="7" complexity="0" loc="15" ncloc="15" packages="2" files="2" classes="2"/>
    <package name="controllers">
      <metrics statements="4" coveredstatements="4" conditionals="0" coveredconditionals="0" methods="1" coveredmethods="1"/>
      <file name="FeedController.js" path="/Users/dcunha/projects/diego/javascript/uniritter-instagram-api/src/api/controllers/FeedController.js">
        <metrics statements="4" coveredstatements="4" conditionals="0" coveredconditionals="0" methods="1" coveredmethods="1"/>
        <line num="1" count="1" type="stmt"/>
        <line num="2" count="1" type="stmt"/>
        <line num="4" count="1" type="stmt"/>
        <line num="6" count="1" type="stmt"/>
      </file>
    </package>
    <package name="utils">
      <metrics statements="11" coveredstatements="2" conditionals="2" coveredconditionals="0" methods="2" coveredmethods="0"/>
      <file name="ApiError.js" path="/Users/dcunha/projects/diego/javascript/uniritter-instagram-api/src/api/utils/ApiError.js">
        <metrics statements="11" coveredstatements="2" conditionals="2" coveredconditionals="0" methods="2" coveredmethods="0"/>
        <line num="1" count="1" type="stmt"/>
        <line num="10" count="0" type="stmt"/>
        <line num="11" count="0" type="stmt"/>
        <line num="12" count="0" type="stmt"/>
        <line num="13" count="0" type="stmt"/>
        <line num="14" count="0" type="stmt"/>
        <line num="15" count="0" type="stmt"/>
        <line num="16" count="0" type="stmt"/>
        <line num="17" count="0" type="stmt"/>
        <line num="40" count="0" type="stmt"/>
        <line num="46" count="1" type="stmt"/>
      </file>
    </package>
  </project>
</coverage>
