{"/Users/dcunha/projects/diego/javascript/uniritter-instagram-api/src/api/controllers/FeedController.js": {"path":"/Users/dcunha/projects/diego/javascript/uniritter-instagram-api/src/api/controllers/FeedController.js","statementMap":{"0":{"start":{"line":1,"column":17},"end":{"line":1,"column":45}},"1":{"start":{"line":2,"column":17},"end":{"line":2,"column":36}},"2":{"start":{"line":4,"column":0},"end":{"line":8,"column":1}},"3":{"start":{"line":6,"column":8},"end":{"line":6,"column":18}}},"fnMap":{"0":{"name":"(anonymous_0)","decl":{"start":{"line":5,"column":9},"end":{"line":5,"column":10}},"loc":{"start":{"line":5,"column":21},"end":{"line":7,"column":5}},"line":5}},"branchMap":{},"s":{"0":1,"1":1,"2":1,"3":1},"f":{"0":1},"b":{},"_coverageSchema":"43e27e138ebf9cfc5966b082cf9a028302ed4184","hash":"3612b459f9581111fe3d33249887f11254359e24"}
,"/Users/dcunha/projects/diego/javascript/uniritter-instagram-api/src/api/utils/ApiError.js": {"path":"/Users/dcunha/projects/diego/javascript/uniritter-instagram-api/src/api/utils/ApiError.js","statementMap":{"0":{"start":{"line":1,"column":19},"end":{"line":1,"column":41}},"1":{"start":{"line":10,"column":4},"end":{"line":10,"column":19}},"2":{"start":{"line":11,"column":4},"end":{"line":11,"column":38}},"3":{"start":{"line":12,"column":4},"end":{"line":12,"column":27}},"4":{"start":{"line":13,"column":4},"end":{"line":13,"column":25}},"5":{"start":{"line":14,"column":4},"end":{"line":14,"column":25}},"6":{"start":{"line":15,"column":4},"end":{"line":15,"column":29}},"7":{"start":{"line":16,"column":4},"end":{"line":16,"column":30}},"8":{"start":{"line":17,"column":4},"end":{"line":17,"column":23}},"9":{"start":{"line":40,"column":4},"end":{"line":42,"column":7}},"10":{"start":{"line":46,"column":0},"end":{"line":46,"column":26}}},"fnMap":{"0":{"name":"(anonymous_0)","decl":{"start":{"line":7,"column":2},"end":{"line":7,"column":3}},"loc":{"start":{"line":9,"column":5},"end":{"line":19,"column":3}},"line":9},"1":{"name":"(anonymous_1)","decl":{"start":{"line":33,"column":2},"end":{"line":33,"column":3}},"loc":{"start":{"line":39,"column":5},"end":{"line":43,"column":3}},"line":39}},"branchMap":{"0":{"loc":{"start":{"line":37,"column":4},"end":{"line":37,"column":45}},"type":"default-arg","locations":[{"start":{"line":37,"column":13},"end":{"line":37,"column":45}}],"line":37},"1":{"loc":{"start":{"line":38,"column":4},"end":{"line":38,"column":20}},"type":"default-arg","locations":[{"start":{"line":38,"column":15},"end":{"line":38,"column":20}}],"line":38}},"s":{"0":1,"1":0,"2":0,"3":0,"4":0,"5":0,"6":0,"7":0,"8":0,"9":0,"10":1},"f":{"0":0,"1":0},"b":{"0":[0],"1":[0]},"_coverageSchema":"43e27e138ebf9cfc5966b082cf9a028302ed4184","hash":"fa476c59bbfd6d09e3b9f0c841c877e0295a7425"}
}
