TN:
SF:/Users/dcunha/projects/diego/javascript/uniritter-instagram-api/src/api/controllers/FeedController.js
FN:5,(anonymous_0)
FNF:1
FNH:1
FNDA:1,(anonymous_0)
DA:1,1
DA:2,1
DA:4,1
DA:6,1
LF:4
LH:4
BRF:0
BRH:0
end_of_record
TN:
SF:/Users/dcunha/projects/diego/javascript/uniritter-instagram-api/src/api/utils/ApiError.js
FN:7,(anonymous_0)
FN:33,(anonymous_1)
FNF:2
FNH:0
FNDA:0,(anonymous_0)
FNDA:0,(anonymous_1)
DA:1,1
DA:10,0
DA:11,0
DA:12,0
DA:13,0
DA:14,0
DA:15,0
DA:16,0
DA:17,0
DA:40,0
DA:46,1
LF:11
LH:2
BRDA:37,0,0,0
BRDA:38,1,0,0
BRF:2
BRH:0
end_of_record
